{"level":"error","message":"Could not get the genres Could not get the genres","stack":"Error: Could not get the genres\n    at C:\\Users\\Paul\\Documents\\vidly\\routes\\genres.js:8:9\n    at newFn (C:\\Users\\Paul\\Documents\\vidly\\node_modules\\express-async-errors\\index.js:16:20)\n    at Layer.handle [as handle_request] (C:\\Users\\Paul\\Documents\\vidly\\node_modules\\express\\lib\\router\\layer.js:95:5)\n    at next (C:\\Users\\Paul\\Documents\\vidly\\node_modules\\express\\lib\\router\\route.js:144:13)\n    at Route.dispatch (C:\\Users\\Paul\\Documents\\vidly\\node_modules\\express\\lib\\router\\route.js:114:3)\n    at newFn (C:\\Users\\Paul\\Documents\\vidly\\node_modules\\express-async-errors\\index.js:16:20)\n    at Layer.handle [as handle_request] (C:\\Users\\Paul\\Documents\\vidly\\node_modules\\express\\lib\\router\\layer.js:95:5)\n    at C:\\Users\\Paul\\Documents\\vidly\\node_modules\\express\\lib\\router\\index.js:284:15\n    at Function.process_params (C:\\Users\\Paul\\Documents\\vidly\\node_modules\\express\\lib\\router\\index.js:346:12)\n    at next (C:\\Users\\Paul\\Documents\\vidly\\node_modules\\express\\lib\\router\\index.js:280:10)\n    at Function.handle (C:\\Users\\Paul\\Documents\\vidly\\node_modules\\express\\lib\\router\\index.js:175:3)\n    at router (C:\\Users\\Paul\\Documents\\vidly\\node_modules\\express\\lib\\router\\index.js:47:12)\n    at newFn (C:\\Users\\Paul\\Documents\\vidly\\node_modules\\express-async-errors\\index.js:16:20)\n    at Layer.handle [as handle_request] (C:\\Users\\Paul\\Documents\\vidly\\node_modules\\express\\lib\\router\\layer.js:95:5)\n    at trim_prefix (C:\\Users\\Paul\\Documents\\vidly\\node_modules\\express\\lib\\router\\index.js:328:13)\n    at C:\\Users\\Paul\\Documents\\vidly\\node_modules\\express\\lib\\router\\index.js:286:9"}
{"level":"error","message":"Could not get the genres Could not get the genres","stack":"Error: Could not get the genres\n    at C:\\Users\\Paul\\Documents\\vidly\\routes\\genres.js:8:9\n    at newFn (C:\\Users\\Paul\\Documents\\vidly\\node_modules\\express-async-errors\\index.js:16:20)\n    at Layer.handle [as handle_request] (C:\\Users\\Paul\\Documents\\vidly\\node_modules\\express\\lib\\router\\layer.js:95:5)\n    at next (C:\\Users\\Paul\\Documents\\vidly\\node_modules\\express\\lib\\router\\route.js:144:13)\n    at Route.dispatch (C:\\Users\\Paul\\Documents\\vidly\\node_modules\\express\\lib\\router\\route.js:114:3)\n    at newFn (C:\\Users\\Paul\\Documents\\vidly\\node_modules\\express-async-errors\\index.js:16:20)\n    at Layer.handle [as handle_request] (C:\\Users\\Paul\\Documents\\vidly\\node_modules\\express\\lib\\router\\layer.js:95:5)\n    at C:\\Users\\Paul\\Documents\\vidly\\node_modules\\express\\lib\\router\\index.js:284:15\n    at Function.process_params (C:\\Users\\Paul\\Documents\\vidly\\node_modules\\express\\lib\\router\\index.js:346:12)\n    at next (C:\\Users\\Paul\\Documents\\vidly\\node_modules\\express\\lib\\router\\index.js:280:10)\n    at Function.handle (C:\\Users\\Paul\\Documents\\vidly\\node_modules\\express\\lib\\router\\index.js:175:3)\n    at router (C:\\Users\\Paul\\Documents\\vidly\\node_modules\\express\\lib\\router\\index.js:47:12)\n    at newFn (C:\\Users\\Paul\\Documents\\vidly\\node_modules\\express-async-errors\\index.js:16:20)\n    at Layer.handle [as handle_request] (C:\\Users\\Paul\\Documents\\vidly\\node_modules\\express\\lib\\router\\layer.js:95:5)\n    at trim_prefix (C:\\Users\\Paul\\Documents\\vidly\\node_modules\\express\\lib\\router\\index.js:328:13)\n    at C:\\Users\\Paul\\Documents\\vidly\\node_modules\\express\\lib\\router\\index.js:286:9"}
undefined
{
  level: 'error',
  message: 'Could not get the genres Could not get the genres',
  stack: 'Error: Could not get the genres\n' +
    '    at C:\\Users\\Paul\\Documents\\vidly\\routes\\genres.js:8:9\n' +
    '    at newFn (C:\\Users\\Paul\\Documents\\vidly\\node_modules\\express-async-errors\\index.js:16:20)\n' +
    '    at Layer.handle [as handle_request] (C:\\Users\\Paul\\Documents\\vidly\\node_modules\\express\\lib\\router\\layer.js:95:5)\n' +
    '    at next (C:\\Users\\Paul\\Documents\\vidly\\node_modules\\express\\lib\\router\\route.js:144:13)\n' +
    '    at Route.dispatch (C:\\Users\\Paul\\Documents\\vidly\\node_modules\\express\\lib\\router\\route.js:114:3)\n' +
    '    at newFn (C:\\Users\\Paul\\Documents\\vidly\\node_modules\\express-async-errors\\index.js:16:20)\n' +
    '    at Layer.handle [as handle_request] (C:\\Users\\Paul\\Documents\\vidly\\node_modules\\express\\lib\\router\\layer.js:95:5)\n' +
    '    at C:\\Users\\Paul\\Documents\\vidly\\node_modules\\express\\lib\\router\\index.js:284:15\n' +
    '    at Function.process_params (C:\\Users\\Paul\\Documents\\vidly\\node_modules\\express\\lib\\router\\index.js:346:12)\n' +
    '    at next (C:\\Users\\Paul\\Documents\\vidly\\node_modules\\express\\lib\\router\\index.js:280:10)\n' +
    '    at Function.handle (C:\\Users\\Paul\\Documents\\vidly\\node_modules\\express\\lib\\router\\index.js:175:3)\n' +
    '    at router (C:\\Users\\Paul\\Documents\\vidly\\node_modules\\express\\lib\\router\\index.js:47:12)\n' +
    '    at newFn (C:\\Users\\Paul\\Documents\\vidly\\node_modules\\express-async-errors\\index.js:16:20)\n' +
    '    at Layer.handle [as handle_request] (C:\\Users\\Paul\\Documents\\vidly\\node_modules\\express\\lib\\router\\layer.js:95:5)\n' +
    '    at trim_prefix (C:\\Users\\Paul\\Documents\\vidly\\node_modules\\express\\lib\\router\\index.js:328:13)\n' +
    '    at C:\\Users\\Paul\\Documents\\vidly\\node_modules\\express\\lib\\router\\index.js:286:9',
  timestamp: '2022-10-05T13:53:42.698Z'
}
{"level":"error","message":"Could not get the genres Could not get the genres","stack":"Error: Could not get the genres\n    at C:\\Users\\Paul\\Documents\\vidly\\routes\\genres.js:8:9\n    at newFn (C:\\Users\\Paul\\Documents\\vidly\\node_modules\\express-async-errors\\index.js:16:20)\n    at Layer.handle [as handle_request] (C:\\Users\\Paul\\Documents\\vidly\\node_modules\\express\\lib\\router\\layer.js:95:5)\n    at next (C:\\Users\\Paul\\Documents\\vidly\\node_modules\\express\\lib\\router\\route.js:144:13)\n    at Route.dispatch (C:\\Users\\Paul\\Documents\\vidly\\node_modules\\express\\lib\\router\\route.js:114:3)\n    at newFn (C:\\Users\\Paul\\Documents\\vidly\\node_modules\\express-async-errors\\index.js:16:20)\n    at Layer.handle [as handle_request] (C:\\Users\\Paul\\Documents\\vidly\\node_modules\\express\\lib\\router\\layer.js:95:5)\n    at C:\\Users\\Paul\\Documents\\vidly\\node_modules\\express\\lib\\router\\index.js:284:15\n    at Function.process_params (C:\\Users\\Paul\\Documents\\vidly\\node_modules\\express\\lib\\router\\index.js:346:12)\n    at next (C:\\Users\\Paul\\Documents\\vidly\\node_modules\\express\\lib\\router\\index.js:280:10)\n    at Function.handle (C:\\Users\\Paul\\Documents\\vidly\\node_modules\\express\\lib\\router\\index.js:175:3)\n    at router (C:\\Users\\Paul\\Documents\\vidly\\node_modules\\express\\lib\\router\\index.js:47:12)\n    at newFn (C:\\Users\\Paul\\Documents\\vidly\\node_modules\\express-async-errors\\index.js:16:20)\n    at Layer.handle [as handle_request] (C:\\Users\\Paul\\Documents\\vidly\\node_modules\\express\\lib\\router\\layer.js:95:5)\n    at trim_prefix (C:\\Users\\Paul\\Documents\\vidly\\node_modules\\express\\lib\\router\\index.js:328:13)\n    at C:\\Users\\Paul\\Documents\\vidly\\node_modules\\express\\lib\\router\\index.js:286:9"}
{
  level: 'error',
  message: 'Could not get the genres Could not get the genres',
  stack: 'Error: Could not get the genres\n' +
    '    at C:\\Users\\Paul\\Documents\\vidly\\routes\\genres.js:8:9\n' +
    '    at newFn (C:\\Users\\Paul\\Documents\\vidly\\node_modules\\express-async-errors\\index.js:16:20)\n' +
    '    at Layer.handle [as handle_request] (C:\\Users\\Paul\\Documents\\vidly\\node_modules\\express\\lib\\router\\layer.js:95:5)\n' +
    '    at next (C:\\Users\\Paul\\Documents\\vidly\\node_modules\\express\\lib\\router\\route.js:144:13)\n' +
    '    at Route.dispatch (C:\\Users\\Paul\\Documents\\vidly\\node_modules\\express\\lib\\router\\route.js:114:3)\n' +
    '    at newFn (C:\\Users\\Paul\\Documents\\vidly\\node_modules\\express-async-errors\\index.js:16:20)\n' +
    '    at Layer.handle [as handle_request] (C:\\Users\\Paul\\Documents\\vidly\\node_modules\\express\\lib\\router\\layer.js:95:5)\n' +
    '    at C:\\Users\\Paul\\Documents\\vidly\\node_modules\\express\\lib\\router\\index.js:284:15\n' +
    '    at Function.process_params (C:\\Users\\Paul\\Documents\\vidly\\node_modules\\express\\lib\\router\\index.js:346:12)\n' +
    '    at next (C:\\Users\\Paul\\Documents\\vidly\\node_modules\\express\\lib\\router\\index.js:280:10)\n' +
    '    at Function.handle (C:\\Users\\Paul\\Documents\\vidly\\node_modules\\express\\lib\\router\\index.js:175:3)\n' +
    '    at router (C:\\Users\\Paul\\Documents\\vidly\\node_modules\\express\\lib\\router\\index.js:47:12)\n' +
    '    at newFn (C:\\Users\\Paul\\Documents\\vidly\\node_modules\\express-async-errors\\index.js:16:20)\n' +
    '    at Layer.handle [as handle_request] (C:\\Users\\Paul\\Documents\\vidly\\node_modules\\express\\lib\\router\\layer.js:95:5)\n' +
    '    at trim_prefix (C:\\Users\\Paul\\Documents\\vidly\\node_modules\\express\\lib\\router\\index.js:328:13)\n' +
    '    at C:\\Users\\Paul\\Documents\\vidly\\node_modules\\express\\lib\\router\\index.js:286:9',
  timestamp: '2022-10-05T14:17:46.361Z'
}
{
  level: 'error',
  message: 'Could not get the genres Could not get the genres',
  stack: 'Error: Could not get the genres\n' +
    '    at C:\\Users\\Paul\\Documents\\vidly\\routes\\genres.js:8:9\n' +
    '    at newFn (C:\\Users\\Paul\\Documents\\vidly\\node_modules\\express-async-errors\\index.js:16:20)\n' +
    '    at Layer.handle [as handle_request] (C:\\Users\\Paul\\Documents\\vidly\\node_modules\\express\\lib\\router\\layer.js:95:5)\n' +
    '    at next (C:\\Users\\Paul\\Documents\\vidly\\node_modules\\express\\lib\\router\\route.js:144:13)\n' +
    '    at Route.dispatch (C:\\Users\\Paul\\Documents\\vidly\\node_modules\\express\\lib\\router\\route.js:114:3)\n' +
    '    at newFn (C:\\Users\\Paul\\Documents\\vidly\\node_modules\\express-async-errors\\index.js:16:20)\n' +
    '    at Layer.handle [as handle_request] (C:\\Users\\Paul\\Documents\\vidly\\node_modules\\express\\lib\\router\\layer.js:95:5)\n' +
    '    at C:\\Users\\Paul\\Documents\\vidly\\node_modules\\express\\lib\\router\\index.js:284:15\n' +
    '    at Function.process_params (C:\\Users\\Paul\\Documents\\vidly\\node_modules\\express\\lib\\router\\index.js:346:12)\n' +
    '    at next (C:\\Users\\Paul\\Documents\\vidly\\node_modules\\express\\lib\\router\\index.js:280:10)\n' +
    '    at Function.handle (C:\\Users\\Paul\\Documents\\vidly\\node_modules\\express\\lib\\router\\index.js:175:3)\n' +
    '    at router (C:\\Users\\Paul\\Documents\\vidly\\node_modules\\express\\lib\\router\\index.js:47:12)\n' +
    '    at newFn (C:\\Users\\Paul\\Documents\\vidly\\node_modules\\express-async-errors\\index.js:16:20)\n' +
    '    at Layer.handle [as handle_request] (C:\\Users\\Paul\\Documents\\vidly\\node_modules\\express\\lib\\router\\layer.js:95:5)\n' +
    '    at trim_prefix (C:\\Users\\Paul\\Documents\\vidly\\node_modules\\express\\lib\\router\\index.js:328:13)\n' +
    '    at C:\\Users\\Paul\\Documents\\vidly\\node_modules\\express\\lib\\router\\index.js:286:9',
  timestamp: '2022-10-05T14:32:33.126Z'
}
{
  level: 'error',
  message: 'Could not get the genres Could not get the genres',
  stack: 'Error: Could not get the genres\n' +
    '    at C:\\Users\\Paul\\Documents\\vidly\\routes\\genres.js:8:9\n' +
    '    at newFn (C:\\Users\\Paul\\Documents\\vidly\\node_modules\\express-async-errors\\index.js:16:20)\n' +
    '    at Layer.handle [as handle_request] (C:\\Users\\Paul\\Documents\\vidly\\node_modules\\express\\lib\\router\\layer.js:95:5)\n' +
    '    at next (C:\\Users\\Paul\\Documents\\vidly\\node_modules\\express\\lib\\router\\route.js:144:13)\n' +
    '    at Route.dispatch (C:\\Users\\Paul\\Documents\\vidly\\node_modules\\express\\lib\\router\\route.js:114:3)\n' +
    '    at newFn (C:\\Users\\Paul\\Documents\\vidly\\node_modules\\express-async-errors\\index.js:16:20)\n' +
    '    at Layer.handle [as handle_request] (C:\\Users\\Paul\\Documents\\vidly\\node_modules\\express\\lib\\router\\layer.js:95:5)\n' +
    '    at C:\\Users\\Paul\\Documents\\vidly\\node_modules\\express\\lib\\router\\index.js:284:15\n' +
    '    at Function.process_params (C:\\Users\\Paul\\Documents\\vidly\\node_modules\\express\\lib\\router\\index.js:346:12)\n' +
    '    at next (C:\\Users\\Paul\\Documents\\vidly\\node_modules\\express\\lib\\router\\index.js:280:10)\n' +
    '    at Function.handle (C:\\Users\\Paul\\Documents\\vidly\\node_modules\\express\\lib\\router\\index.js:175:3)\n' +
    '    at router (C:\\Users\\Paul\\Documents\\vidly\\node_modules\\express\\lib\\router\\index.js:47:12)\n' +
    '    at newFn (C:\\Users\\Paul\\Documents\\vidly\\node_modules\\express-async-errors\\index.js:16:20)\n' +
    '    at Layer.handle [as handle_request] (C:\\Users\\Paul\\Documents\\vidly\\node_modules\\express\\lib\\router\\layer.js:95:5)\n' +
    '    at trim_prefix (C:\\Users\\Paul\\Documents\\vidly\\node_modules\\express\\lib\\router\\index.js:328:13)\n' +
    '    at C:\\Users\\Paul\\Documents\\vidly\\node_modules\\express\\lib\\router\\index.js:286:9',
  timestamp: '2022-10-05T14:37:08.494Z'
}
{
  level: 'error',
  message: 'Could not get the genres Could not get the genres',
  stack: 'Error: Could not get the genres\n' +
    '    at C:\\Users\\Paul\\Documents\\vidly\\routes\\genres.js:8:9\n' +
    '    at newFn (C:\\Users\\Paul\\Documents\\vidly\\node_modules\\express-async-errors\\index.js:16:20)\n' +
    '    at Layer.handle [as handle_request] (C:\\Users\\Paul\\Documents\\vidly\\node_modules\\express\\lib\\router\\layer.js:95:5)\n' +
    '    at next (C:\\Users\\Paul\\Documents\\vidly\\node_modules\\express\\lib\\router\\route.js:144:13)\n' +
    '    at Route.dispatch (C:\\Users\\Paul\\Documents\\vidly\\node_modules\\express\\lib\\router\\route.js:114:3)\n' +
    '    at newFn (C:\\Users\\Paul\\Documents\\vidly\\node_modules\\express-async-errors\\index.js:16:20)\n' +
    '    at Layer.handle [as handle_request] (C:\\Users\\Paul\\Documents\\vidly\\node_modules\\express\\lib\\router\\layer.js:95:5)\n' +
    '    at C:\\Users\\Paul\\Documents\\vidly\\node_modules\\express\\lib\\router\\index.js:284:15\n' +
    '    at Function.process_params (C:\\Users\\Paul\\Documents\\vidly\\node_modules\\express\\lib\\router\\index.js:346:12)\n' +
    '    at next (C:\\Users\\Paul\\Documents\\vidly\\node_modules\\express\\lib\\router\\index.js:280:10)\n' +
    '    at Function.handle (C:\\Users\\Paul\\Documents\\vidly\\node_modules\\express\\lib\\router\\index.js:175:3)\n' +
    '    at router (C:\\Users\\Paul\\Documents\\vidly\\node_modules\\express\\lib\\router\\index.js:47:12)\n' +
    '    at newFn (C:\\Users\\Paul\\Documents\\vidly\\node_modules\\express-async-errors\\index.js:16:20)\n' +
    '    at Layer.handle [as handle_request] (C:\\Users\\Paul\\Documents\\vidly\\node_modules\\express\\lib\\router\\layer.js:95:5)\n' +
    '    at trim_prefix (C:\\Users\\Paul\\Documents\\vidly\\node_modules\\express\\lib\\router\\index.js:328:13)\n' +
    '    at C:\\Users\\Paul\\Documents\\vidly\\node_modules\\express\\lib\\router\\index.js:286:9',
  timestamp: '2022-10-05T14:47:20.393Z'
}
{
  level: 'error',
  message: 'Could not get the genres Could not get the genres',
  stack: 'Error: Could not get the genres\n' +
    '    at C:\\Users\\Paul\\Documents\\vidly\\routes\\genres.js:8:9\n' +
    '    at newFn (C:\\Users\\Paul\\Documents\\vidly\\node_modules\\express-async-errors\\index.js:16:20)\n' +
    '    at Layer.handle [as handle_request] (C:\\Users\\Paul\\Documents\\vidly\\node_modules\\express\\lib\\router\\layer.js:95:5)\n' +
    '    at next (C:\\Users\\Paul\\Documents\\vidly\\node_modules\\express\\lib\\router\\route.js:144:13)\n' +
    '    at Route.dispatch (C:\\Users\\Paul\\Documents\\vidly\\node_modules\\express\\lib\\router\\route.js:114:3)\n' +
    '    at newFn (C:\\Users\\Paul\\Documents\\vidly\\node_modules\\express-async-errors\\index.js:16:20)\n' +
    '    at Layer.handle [as handle_request] (C:\\Users\\Paul\\Documents\\vidly\\node_modules\\express\\lib\\router\\layer.js:95:5)\n' +
    '    at C:\\Users\\Paul\\Documents\\vidly\\node_modules\\express\\lib\\router\\index.js:284:15\n' +
    '    at Function.process_params (C:\\Users\\Paul\\Documents\\vidly\\node_modules\\express\\lib\\router\\index.js:346:12)\n' +
    '    at next (C:\\Users\\Paul\\Documents\\vidly\\node_modules\\express\\lib\\router\\index.js:280:10)\n' +
    '    at Function.handle (C:\\Users\\Paul\\Documents\\vidly\\node_modules\\express\\lib\\router\\index.js:175:3)\n' +
    '    at router (C:\\Users\\Paul\\Documents\\vidly\\node_modules\\express\\lib\\router\\index.js:47:12)\n' +
    '    at newFn (C:\\Users\\Paul\\Documents\\vidly\\node_modules\\express-async-errors\\index.js:16:20)\n' +
    '    at Layer.handle [as handle_request] (C:\\Users\\Paul\\Documents\\vidly\\node_modules\\express\\lib\\router\\layer.js:95:5)\n' +
    '    at trim_prefix (C:\\Users\\Paul\\Documents\\vidly\\node_modules\\express\\lib\\router\\index.js:328:13)\n' +
    '    at C:\\Users\\Paul\\Documents\\vidly\\node_modules\\express\\lib\\router\\index.js:286:9',
  timestamp: '2022-10-05T14:51:05.688Z'
}
{
  level: 'error',
  message: 'Could not get the genres Could not get the genres',
  stack: 'Error: Could not get the genres\n' +
    '    at C:\\Users\\Paul\\Documents\\vidly\\routes\\genres.js:8:9\n' +
    '    at newFn (C:\\Users\\Paul\\Documents\\vidly\\node_modules\\express-async-errors\\index.js:16:20)\n' +
    '    at Layer.handle [as handle_request] (C:\\Users\\Paul\\Documents\\vidly\\node_modules\\express\\lib\\router\\layer.js:95:5)\n' +
    '    at next (C:\\Users\\Paul\\Documents\\vidly\\node_modules\\express\\lib\\router\\route.js:144:13)\n' +
    '    at Route.dispatch (C:\\Users\\Paul\\Documents\\vidly\\node_modules\\express\\lib\\router\\route.js:114:3)\n' +
    '    at newFn (C:\\Users\\Paul\\Documents\\vidly\\node_modules\\express-async-errors\\index.js:16:20)\n' +
    '    at Layer.handle [as handle_request] (C:\\Users\\Paul\\Documents\\vidly\\node_modules\\express\\lib\\router\\layer.js:95:5)\n' +
    '    at C:\\Users\\Paul\\Documents\\vidly\\node_modules\\express\\lib\\router\\index.js:284:15\n' +
    '    at Function.process_params (C:\\Users\\Paul\\Documents\\vidly\\node_modules\\express\\lib\\router\\index.js:346:12)\n' +
    '    at next (C:\\Users\\Paul\\Documents\\vidly\\node_modules\\express\\lib\\router\\index.js:280:10)\n' +
    '    at Function.handle (C:\\Users\\Paul\\Documents\\vidly\\node_modules\\express\\lib\\router\\index.js:175:3)\n' +
    '    at router (C:\\Users\\Paul\\Documents\\vidly\\node_modules\\express\\lib\\router\\index.js:47:12)\n' +
    '    at newFn (C:\\Users\\Paul\\Documents\\vidly\\node_modules\\express-async-errors\\index.js:16:20)\n' +
    '    at Layer.handle [as handle_request] (C:\\Users\\Paul\\Documents\\vidly\\node_modules\\express\\lib\\router\\layer.js:95:5)\n' +
    '    at trim_prefix (C:\\Users\\Paul\\Documents\\vidly\\node_modules\\express\\lib\\router\\index.js:328:13)\n' +
    '    at C:\\Users\\Paul\\Documents\\vidly\\node_modules\\express\\lib\\router\\index.js:286:9',
  timestamp: '2022-10-05T15:41:44.967Z'
}
{
  level: 'error',
  message: 'Could not get the genres Could not get the genres',
  stack: 'Error: Could not get the genres\n' +
    '    at C:\\Users\\Paul\\Documents\\vidly\\routes\\genres.js:8:9\n' +
    '    at newFn (C:\\Users\\Paul\\Documents\\vidly\\node_modules\\express-async-errors\\index.js:16:20)\n' +
    '    at Layer.handle [as handle_request] (C:\\Users\\Paul\\Documents\\vidly\\node_modules\\express\\lib\\router\\layer.js:95:5)\n' +
    '    at next (C:\\Users\\Paul\\Documents\\vidly\\node_modules\\express\\lib\\router\\route.js:144:13)\n' +
    '    at Route.dispatch (C:\\Users\\Paul\\Documents\\vidly\\node_modules\\express\\lib\\router\\route.js:114:3)\n' +
    '    at newFn (C:\\Users\\Paul\\Documents\\vidly\\node_modules\\express-async-errors\\index.js:16:20)\n' +
    '    at Layer.handle [as handle_request] (C:\\Users\\Paul\\Documents\\vidly\\node_modules\\express\\lib\\router\\layer.js:95:5)\n' +
    '    at C:\\Users\\Paul\\Documents\\vidly\\node_modules\\express\\lib\\router\\index.js:284:15\n' +
    '    at Function.process_params (C:\\Users\\Paul\\Documents\\vidly\\node_modules\\express\\lib\\router\\index.js:346:12)\n' +
    '    at next (C:\\Users\\Paul\\Documents\\vidly\\node_modules\\express\\lib\\router\\index.js:280:10)\n' +
    '    at Function.handle (C:\\Users\\Paul\\Documents\\vidly\\node_modules\\express\\lib\\router\\index.js:175:3)\n' +
    '    at router (C:\\Users\\Paul\\Documents\\vidly\\node_modules\\express\\lib\\router\\index.js:47:12)\n' +
    '    at newFn (C:\\Users\\Paul\\Documents\\vidly\\node_modules\\express-async-errors\\index.js:16:20)\n' +
    '    at Layer.handle [as handle_request] (C:\\Users\\Paul\\Documents\\vidly\\node_modules\\express\\lib\\router\\layer.js:95:5)\n' +
    '    at trim_prefix (C:\\Users\\Paul\\Documents\\vidly\\node_modules\\express\\lib\\router\\index.js:328:13)\n' +
    '    at C:\\Users\\Paul\\Documents\\vidly\\node_modules\\express\\lib\\router\\index.js:286:9',
  timestamp: '2022-10-05T15:44:08.834Z'
}
{
  level: 'error',
  message: 'Something failed during startup Something failed during startup',
  stack: 'Error: Something failed during startup\n' +
    '    at Object.<anonymous> (C:\\Users\\Paul\\Documents\\vidly\\index.js:22:7)\n' +
    '    at Module._compile (node:internal/modules/cjs/loader:1105:14)\n' +
    '    at Object.Module._extensions..js (node:internal/modules/cjs/loader:1159:10)\n' +
    '    at Module.load (node:internal/modules/cjs/loader:981:32)\n' +
    '    at Function.Module._load (node:internal/modules/cjs/loader:822:12)\n' +
    '    at Function.executeUserEntryPoint [as runMain] (node:internal/modules/run_main:77:12)\n' +
    '    at node:internal/main/run_main_module:17:47',
  timestamp: '2022-10-05T15:48:20.222Z'
}
{
  level: 'error',
  message: 'Something failed miserably! Something failed miserably!',
  stack: 'Error: Something failed miserably!\n' +
    '    at Object.<anonymous> (C:\\Users\\Paul\\Documents\\vidly\\index.js:27:26)\n' +
    '    at Module._compile (node:internal/modules/cjs/loader:1105:14)\n' +
    '    at Object.Module._extensions..js (node:internal/modules/cjs/loader:1159:10)\n' +
    '    at Module.load (node:internal/modules/cjs/loader:981:32)\n' +
    '    at Function.Module._load (node:internal/modules/cjs/loader:822:12)\n' +
    '    at Function.executeUserEntryPoint [as runMain] (node:internal/modules/run_main:77:12)\n' +
    '    at node:internal/main/run_main_module:17:47',
  timestamp: '2022-10-05T16:33:20.617Z'
}
{
  level: 'error',
  message: 'Something failed miserably! Something failed miserably!',
  stack: 'Error: Something failed miserably!\n' +
    '    at Object.<anonymous> (C:\\Users\\Paul\\Documents\\vidly\\index.js:27:26)\n' +
    '    at Module._compile (node:internal/modules/cjs/loader:1105:14)\n' +
    '    at Object.Module._extensions..js (node:internal/modules/cjs/loader:1159:10)\n' +
    '    at Module.load (node:internal/modules/cjs/loader:981:32)\n' +
    '    at Function.Module._load (node:internal/modules/cjs/loader:822:12)\n' +
    '    at Function.executeUserEntryPoint [as runMain] (node:internal/modules/run_main:77:12)\n' +
    '    at node:internal/main/run_main_module:17:47',
  timestamp: '2022-10-05T16:35:55.988Z'
}
{
  level: 'error',
  message: 'Could not get the genres Could not get the genres',
  stack: 'Error: Could not get the genres\n' +
    '    at C:\\Users\\Paul\\Documents\\vidly\\routes\\genres.js:8:9\n' +
    '    at newFn (C:\\Users\\Paul\\Documents\\vidly\\node_modules\\express-async-errors\\index.js:16:20)\n' +
    '    at Layer.handle [as handle_request] (C:\\Users\\Paul\\Documents\\vidly\\node_modules\\express\\lib\\router\\layer.js:95:5)\n' +
    '    at next (C:\\Users\\Paul\\Documents\\vidly\\node_modules\\express\\lib\\router\\route.js:144:13)\n' +
    '    at Route.dispatch (C:\\Users\\Paul\\Documents\\vidly\\node_modules\\express\\lib\\router\\route.js:114:3)\n' +
    '    at newFn (C:\\Users\\Paul\\Documents\\vidly\\node_modules\\express-async-errors\\index.js:16:20)\n' +
    '    at Layer.handle [as handle_request] (C:\\Users\\Paul\\Documents\\vidly\\node_modules\\express\\lib\\router\\layer.js:95:5)\n' +
    '    at C:\\Users\\Paul\\Documents\\vidly\\node_modules\\express\\lib\\router\\index.js:284:15\n' +
    '    at Function.process_params (C:\\Users\\Paul\\Documents\\vidly\\node_modules\\express\\lib\\router\\index.js:346:12)\n' +
    '    at next (C:\\Users\\Paul\\Documents\\vidly\\node_modules\\express\\lib\\router\\index.js:280:10)\n' +
    '    at Function.handle (C:\\Users\\Paul\\Documents\\vidly\\node_modules\\express\\lib\\router\\index.js:175:3)\n' +
    '    at router (C:\\Users\\Paul\\Documents\\vidly\\node_modules\\express\\lib\\router\\index.js:47:12)\n' +
    '    at newFn (C:\\Users\\Paul\\Documents\\vidly\\node_modules\\express-async-errors\\index.js:16:20)\n' +
    '    at Layer.handle [as handle_request] (C:\\Users\\Paul\\Documents\\vidly\\node_modules\\express\\lib\\router\\layer.js:95:5)\n' +
    '    at trim_prefix (C:\\Users\\Paul\\Documents\\vidly\\node_modules\\express\\lib\\router\\index.js:328:13)\n' +
    '    at C:\\Users\\Paul\\Documents\\vidly\\node_modules\\express\\lib\\router\\index.js:286:9',
  timestamp: '2022-10-06T12:00:05.440Z'
}
{
  message: 'Connected to MongoDB...',
  level: 'info',
  timestamp: '2022-10-06T12:08:58.522Z'
}
{
  message: 'Connected to MongoDB...',
  level: 'info',
  timestamp: '2022-10-06T12:31:31.036Z'
}
{
  message: 'Listening on port 3000...',
  level: 'info',
  timestamp: '2022-10-06T13:01:46.991Z'
}
{
  message: 'Connected to MongoDB...',
  level: 'info',
  timestamp: '2022-10-06T13:01:47.053Z'
}
